<?xml version="1.0" encoding="UTF-8"?>
<!-- Generated by org.testng.reporters.JUnitReportReporter -->
<testsuite hostname="DESKTOP-LDV7O5T" failures="0" tests="1" name="com.todos.tests.AddTodoTest" time="3.863" errors="0" timestamp="24 Jun 2022 10:50:01 GMT">
  <testcase classname="com.todos.tests.AddTodoTest" name="iCanAddToDo" time="3.863"/>
</testsuite> <!-- com.todos.tests.AddTodoTest -->
