<?xml version="1.0" encoding="UTF-8"?>
<!-- Generated by org.testng.reporters.JUnitReportReporter -->
<testsuite hostname="DESKTOP-LDV7O5T" failures="0" tests="1" name="com.todos.tests.RemoveTodoTest" time="3.420" errors="0" timestamp="24 Jun 2022 10:50:01 GMT">
  <testcase classname="com.todos.tests.RemoveTodoTest" name="iCanRemoveTod" time="3.420"/>
</testsuite> <!-- com.todos.tests.RemoveTodoTest -->
